{"numTotalTestSuites":416,"numPassedTestSuites":414,"numFailedTestSuites":2,"numPendingTestSuites":0,"numTotalTests":1888,"numPassedTests":1887,"numFailedTests":1,"numPendingTests":0,"numTodoTests":0,"snapshot":{"added":0,"failure":false,"filesAdded":0,"filesRemoved":0,"filesRemovedList":[],"filesUnmatched":0,"filesUpdated":0,"matched":0,"total":0,"unchecked":0,"uncheckedKeysByFile":[],"unmatched":0,"updated":0,"didUpdate":false},"startTime":1785840676542,"success":false,"testResults":[{"assertionResults":[{"ancestorTitles":["Admin Dashboard integration service (smoke)"],"fullName":"Admin Dashboard integration service (smoke) returns telemetry summary stub","status":"passed","title":"returns telemetry summary stub","duration":4.4039000000000215,"failureMessages":[],"meta":{}},{"ancestorTitles":["Admin Dashboard integration service (smoke)"],"fullName":"Admin Dashboard integration service (smoke) returns analytics stub","status":"passed","title":"returns analytics stub","duration":1.3719999999999573,"failureMessages":[],"meta":{}},{"ancestorTitles":["Admin Dashboard integration service (smoke)"],"fullName":"Admin Dashboard integration service (smoke) returns conversation list stub","status":"passed","title":"returns conversation list stub","duration":1.238299999999981,"failureMessages":[],"meta":{}}],"startTime":1785840697367,"endTime":1785840697374.2383,"status":"passed","message":"","name":"D:/Proj Chatbot/engine/packages/admin-dashboard/src/__tests__/dashboard.test.ts"},{"assertionResults":[{"ancestorTitles":["auth middleware (unit)"],"fullName":"auth middleware (unit) permissionMatrix contains owner role","status":"passed","title":"permissionMatrix contains owner role","duration":3.570699999999988,"failureMessages":[],"meta":{}},{"ancestorTitles":["auth middleware (unit)"],"fullName":"auth middleware (unit) requirePermission denies when not authenticated","status":"passed","title":"requirePermission denies when not authenticated","duration":1.2595000000000027,"failureMessages":[],"meta":{}},{"ancestorTitles":["auth middleware (unit)"],"fullName":"auth middleware (unit) requirePermission allows when role has permission","status":"passed","title":"requirePermission allows when role has permission","duration":0.7880000000000109,"failureMessages":[],"meta":{}},{"ancestorTitles":["auth middleware (unit)"],"fullName":"auth middleware (unit) requireRole denies missing role","status":"passed","title":"requireRole denies missing role","duration":0.6615000000000464,"failureMessages":[],"meta":{}},{"ancestorTitles":["auth middleware (unit)"],"fullName":"auth middleware (unit) requireRole allows correct role","status":"passed","title":"requireRole allows correct role","duration":0.501700000000028,"failureMessages":[],"meta":{}}],"startTime":1785840695843,"endTime":1785840695849.6616,"status":"passed","message":"","name":"D:/Proj Chatbot/engine/packages/admin-dashboard/src/__tests__/middleware.test.ts"},{"assertionResults":[{"ancestorTitles":["AnalyticsPage"],"fullName":"AnalyticsPage renders page header","status":"passed","title":"renders page header","duration":198.8146999999999,"failureMessages":[],"meta":{}},{"ancestorTitles":["AnalyticsPage"],"fullName":"AnalyticsPage loads analytics data","status":"passed","title":"loads analytics data","duration":80.8128999999999,"failureMessages":[],"meta":{}},{"ancestorTitles":["AnalyticsPage"],"fullName":"AnalyticsPage displays usage metrics","status":"passed","title":"displays usage metrics","duration":101.21680000000015,"failureMessages":[],"meta":{}},{"ancestorTitles":["AnalyticsPage"],"fullName":"AnalyticsPage displays knowledge health","status":"passed","title":"displays knowledge health","duration":69.40309999999954,"failureMessages":[],"meta":{}},{"ancestorTitles":["AnalyticsPage"],"fullName":"AnalyticsPage displays version info","status":"passed","title":"displays version info","duration":87.3739000000005,"failureMessages":[],"meta":{}},{"ancestorTitles":["AnalyticsPage"],"fullName":"AnalyticsPage handles API errors gracefully","status":"passed","title":"handles API errors gracefully","duration":243.64649999999983,"failureMessages":[],"meta":{}},{"ancestorTitles":["AnalyticsPage"],"fullName":"AnalyticsPage displays storage and API calls","status":"passed","title":"displays storage and API calls","duration":71.4381000000003,"failureMessages":[],"meta":{}}],"startTime":1785840703085,"endTime":1785840703938.438,"status":"passed","message":"","name":"D:/Proj Chatbot/engine/packages/admin-portal/src/__tests__/analytics.test.ts"},{"assertionResults":[{"ancestorTitles":["ApiClient"],"fullName":"ApiClient sends Authorization header","status":"passed","title":"sends Authorization header","duration":9.829399999999964,"failureMessages":[],"meta":{}},{"ancestorTitles":["ApiClient"],"fullName":"ApiClient omits Authorization when token is null","status":"passed","title":"omits Authorization when token is null","duration":2.032799999999952,"failureMessages":[],"meta":{}},{"ancestorTitles":["ApiClient"],"fullName":"ApiClient builds query string from params","status":"passed","title":"builds query string from params","duration":1.4662999999999329,"failureMessages":[],"meta":{}},{"ancestorTitles":["ApiClient"],"fullName":"ApiClient skips undefined params","status":"passed","title":"skips undefined params","duration":1.0550999999999249,"failureMessages":[],"meta":{}},{"ancestorTitles":["ApiClient"],"fullName":"ApiClient strips trailing slash from baseUrl","status":"passed","title":"strips trailing slash from baseUrl","duration":1.0331999999999653,"failureMessages":[],"meta":{}},{"ancestorTitles":["ApiClient"],"fullName":"ApiClient throws ApiError on non-OK response","status":"passed","title":"throws ApiError on non-OK response","duration":3.7106999999999744,"failureMessages":[],"meta":{}},{"ancestorTitles":["ApiClient"],"fullName":"ApiClient throws ApiError with text body","status":"passed","title":"throws ApiError with text body","duration":2.0774999999999864,"failureMessages":[],"meta":{}},{"ancestorTitles":["ApiClient"],"fullName":"ApiClient sends POST body as JSON","status":"passed","title":"sends POST body as JSON","duration":1.247000000000071,"failureMessages":[],"meta":{}},{"ancestorTitles":["ApiClient"],"fullName":"ApiClient sends DELETE without body","status":"passed","title":"sends DELETE without body","duration":1.2445000000000164,"failureMessages":[],"meta":{}},{"ancestorTitles":["ApiClient"],"fullName":"ApiClient uploads document","status":"passed","title":"uploads document","duration":1.066500000000019,"failureMessages":[],"meta":{}},{"ancestorTitles":["ApiClient"],"fullName":"ApiClient crawlUrl sends correct payload","status":"passed","title":"crawlUrl sends correct payload","duration":1.048400000000015,"failureMessages":[],"meta":{}},{"ancestorTitles":["ApiClient"],"fullName":"ApiClient searchKnowledge sends query","status":"passed","title":"searchKnowledge sends query","duration":0.8842999999999392,"failureMessages":[],"meta":{}},{"ancestorTitles":["ApiClient"],"fullName":"ApiClient publishKnowledge works","status":"passed","title":"publishKnowledge works","duration":0.6852999999999838,"failureMessages":[],"meta":{}},{"ancestorTitles":["ApiClient"],"fullName":"ApiClient ApiError has correct name","status":"passed","title":"ApiError has correct name","duration":0.7241999999999962,"failureMessages":[],"meta":{}},{"ancestorTitles":["ApiClient"],"fullName":"ApiClient createApiKey returns key","status":"passed","title":"createApiKey returns key","duration":0.8003999999999678,"failureMessages":[],"meta":{}},{"ancestorTitles":["ApiClient"],"fullName":"ApiClient listApiKeys returns array","status":"passed","title":"listApiKeys returns array","duration":0.75,"failureMessages":[],"meta":{}},{"ancestorTitles":["ApiClient"],"fullName":"ApiClient getContext sends query and tokenBudget","status":"passed","title":"getContext sends query and tokenBudget","duration":1.6470000000000482,"failureMessages":[],"meta":{}},{"ancestorTitles":["ApiClient"],"fullName":"ApiClient getStats works","status":"passed","title":"getStats works","duration":0.6965999999999894,"failureMessages":[],"meta":{}},{"ancestorTitles":["ApiClient"],"fullName":"ApiClient getVersions works","status":"passed","title":"getVersions works","duration":0.6630999999999858,"failureMessages":[],"meta":{}}],"startTime":1785840684571,"endTime":1785840684604.663,"status":"passed","message":"","name":"D:/Proj Chatbot/engine/packages/admin-portal/src/__tests__/api-client.test.ts"},{"assertionResults":[{"ancestorTitles":["ApiKeysPage"],"fullName":"ApiKeysPage renders page header","status":"passed","title":"renders page header","duration":311.3890000000001,"failureMessages":[],"meta":{}},{"ancestorTitles":["ApiKeysPage"],"fullName":"ApiKeysPage loads API keys","status":"passed","title":"loads API keys","duration":84.58240000000023,"failureMessages":[],"meta":{}},{"ancestorTitles":["ApiKeysPage"],"fullName":"ApiKeysPage shows key prefixes","status":"passed","title":"shows key prefixes","duration":71.3143,"failureMessages":[],"meta":{}},{"ancestorTitles":["ApiKeysPage"],"fullName":"ApiKeysPage create button visible for admin","status":"passed","title":"create button visible for admin","duration":73.82400000000052,"failureMessages":[],"meta":{}},{"ancestorTitles":["ApiKeysPage"],"fullName":"ApiKeysPage create key opens modal","status":"passed","title":"create key opens modal","duration":141.7407000000003,"failureMessages":[],"meta":{}},{"ancestorTitles":["ApiKeysPage"],"fullName":"ApiKeysPage handles API error gracefully","status":"passed","title":"handles API error gracefully","duration":98.51249999999982,"failureMessages":[],"meta":{}},{"ancestorTitles":["ApiKeysPage"],"fullName":"ApiKeysPage shows empty state when no keys","status":"passed","title":"shows empty state when no keys","duration":71.46820000000025,"failureMessages":[],"meta":{}},{"ancestorTitles":["ApiKeysPage"],"fullName":"ApiKeysPage revoke button triggers revoke","status":"passed","title":"revoke button triggers revoke","duration":131.45370000000003,"failureMessages":[],"meta":{}}],"startTime":1785840709613,"endTime":1785840710598.4536,"status":"passed","message":"","name":"D:/Proj Chatbot/engine/packages/admin-portal/src/__tests__/api-keys.test.ts"},{"assertionResults":[{"ancestorTitles":["auth"],"fullName":"auth starts unauthenticated","status":"passed","title":"starts unauthenticated","duration":4.021000000000072,"failureMessages":[],"meta":{}},{"ancestorTitles":["auth"],"fullName":"auth setAuth merges state","status":"passed","title":"setAuth merges state","duration":0.9350000000000591,"failureMessages":[],"meta":{}},{"ancestorTitles":["auth"],"fullName":"auth clearAuth resets everything","status":"passed","title":"clearAuth resets everything","duration":0.5871999999999389,"failureMessages":[],"meta":{}},{"ancestorTitles":["auth"],"fullName":"auth hasRole checks auth role","status":"passed","title":"hasRole checks auth role","duration":0.5933999999999742,"failureMessages":[],"meta":{}},{"ancestorTitles":["auth"],"fullName":"auth canAccessAdmin for owner and admin","status":"passed","title":"canAccessAdmin for owner and admin","duration":0.5673000000000457,"failureMessages":[],"meta":{}},{"ancestorTitles":["auth"],"fullName":"auth canManageKnowledge for owner/admin/operator","status":"passed","title":"canManageKnowledge for owner/admin/operator","duration":0.5053000000000338,"failureMessages":[],"meta":{}},{"ancestorTitles":["auth"],"fullName":"auth canViewConversations for owner/admin/operator/member","status":"passed","title":"canViewConversations for owner/admin/operator/member","duration":0.6923000000000457,"failureMessages":[],"meta":{}},{"ancestorTitles":["auth"],"fullName":"auth parseJwtPayload decodes valid token","status":"passed","title":"parseJwtPayload decodes valid token","duration":0.8255999999998949,"failureMessages":[],"meta":{}},{"ancestorTitles":["auth"],"fullName":"auth parseJwtPayload returns empty on invalid token","status":"passed","title":"parseJwtPayload returns empty on invalid token","duration":0.5881999999999152,"failureMessages":[],"meta":{}},{"ancestorTitles":["auth"],"fullName":"auth loginFromToken sets auth from JWT","status":"passed","title":"loginFromToken sets auth from JWT","duration":0.5691000000000486,"failureMessages":[],"meta":{}},{"ancestorTitles":["auth"],"fullName":"auth onAuthChange notifies on changes","status":"passed","title":"onAuthChange notifies on changes","duration":0.6916999999999689,"failureMessages":[],"meta":{}},{"ancestorTitles":["auth"],"fullName":"auth onAuthChange unsub works","status":"passed","title":"onAuthChange unsub works","duration":0.6091999999999871,"failureMessages":[],"meta":{}}],"startTime":1785840691102,"endTime":1785840691113.6917,"status":"passed","message":"","name":"D:/Proj Chatbot/engine/packages/admin-portal/src/__tests__/auth.test.ts"},{"assertionResults":[{"ancestorTitles":["Table"],"fullName":"Table renders headers","status":"passed","title":"renders headers","duration":74.46729999999934,"failureMessages":[],"meta":{}},{"ancestorTitles":["Table"],"fullName":"Table renders data rows","status":"passed","title":"renders data rows","duration":11.750500000000102,"failureMessages":[],"meta":{}},{"ancestorTitles":["Table"],"fullName":"Table shows empty message when no data","status":"passed","title":"shows empty message when no data","duration":5.102699999999459,"failureMessages":[],"meta":{}},{"ancestorTitles":["Table"],"fullName":"Table onRowClick fires on row click","status":"passed","title":"onRowClick fires on row click","duration":22.868599999999788,"failureMessages":[],"meta":{}},{"ancestorTitles":["Table"],"fullName":"Table custom render function works (string)","status":"passed","title":"custom render function works (string)","duration":2.003500000000713,"failureMessages":[],"meta":{}},{"ancestorTitles":["Table"],"fullName":"Table render returns HTMLElement","status":"passed","title":"render returns HTMLElement","duration":3.674699999999575,"failureMessages":[],"meta":{}},{"ancestorTitles":["Table"],"fullName":"Table updateData re-renders","status":"passed","title":"updateData re-renders","duration":7.98030000000017,"failureMessages":[],"meta":{}},{"ancestorTitles":["Table"],"fullName":"Table testId is set on element","status":"passed","title":"testId is set on element","duration":3.232100000000173,"failureMessages":[],"meta":{}},{"ancestorTitles":["Table"],"fullName":"Table column width is applied","status":"passed","title":"column width is applied","duration":9.883299999999508,"failureMessages":[],"meta":{}},{"ancestorTitles":["Table"],"fullName":"Table column align is applied","status":"passed","title":"column align is applied","duration":4.241100000000188,"failureMessages":[],"meta":{}},{"ancestorTitles":["Modal"],"fullName":"Modal open renders modal in body","status":"passed","title":"open renders modal in body","duration":13.031199999999444,"failureMessages":[],"meta":{}},{"ancestorTitles":["Modal"],"fullName":"Modal close removes modal","status":"passed","title":"close removes modal","duration":3.742000000000189,"failureMessages":[],"meta":{}},{"ancestorTitles":["Modal"],"fullName":"Modal close button works","status":"passed","title":"close button works","duration":14.625499999999192,"failureMessages":[],"meta":{}},{"ancestorTitles":["Modal"],"fullName":"Modal backdrop click closes modal","status":"passed","title":"backdrop click closes modal","duration":4.7783999999992375,"failureMessages":[],"meta":{}},{"ancestorTitles":["Modal"],"fullName":"Modal actions render and click works","status":"passed","title":"actions render and click works","duration":7.5649999999996,"failureMessages":[],"meta":{}},{"ancestorTitles":["Modal"],"fullName":"Modal onClose callback fires","status":"passed","title":"onClose callback fires","duration":4.506000000000313,"failureMessages":[],"meta":{}},{"ancestorTitles":["Modal"],"fullName":"Modal content can be HTMLElement","status":"passed","title":"content can be HTMLElement","duration":3.6724999999996726,"failureMessages":[],"meta":{}},{"ancestorTitles":["Modal"],"fullName":"Modal escape key closes modal","status":"passed","title":"escape key closes modal","duration":3.575900000000729,"failureMessages":[],"meta":{}},{"ancestorTitles":["ProgressBar"],"fullName":"ProgressBar renders with value and max","status":"passed","title":"renders with value and max","duration":109.78290000000015,"failureMessages":[],"meta":{}},{"ancestorTitles":["ProgressBar"],"fullName":"ProgressBar fills to correct percentage","status":"passed","title":"fills to correct percentage","duration":73.37620000000061,"failureMessages":[],"meta":{}},{"ancestorTitles":["ProgressBar"],"fullName":"ProgressBar update changes value","status":"passed","title":"update changes value","duration":27.66319999999996,"failureMessages":[],"meta":{}},{"ancestorTitles":["ProgressBar"],"fullName":"ProgressBar hides percent when showPercent is false","status":"passed","title":"hides percent when showPercent is false","duration":4.430600000000595,"failureMessages":[],"meta":{}},{"ancestorTitles":["ProgressBar"],"fullName":"ProgressBar caps at 100%","status":"passed","title":"caps at 100%","duration":12.329500000000735,"failureMessages":[],"meta":{}},{"ancestorTitles":["ProgressBar"],"fullName":"ProgressBar zero max renders 0% fill width","status":"passed","title":"zero max renders 0% fill width","duration":11.424600000000282,"failureMessages":[],"meta":{}},{"ancestorTitles":["Badge"],"fullName":"Badge renders text","status":"passed","title":"renders text","duration":15.859999999999673,"failureMessages":[],"meta":{}},{"ancestorTitles":["Badge"],"fullName":"Badge applies variant class","status":"passed","title":"applies variant class","duration":2.6505999999999403,"failureMessages":[],"meta":{}},{"ancestorTitles":["Badge"],"fullName":"Badge updateText changes text","status":"passed","title":"updateText changes text","duration":29.208599999999933,"failureMessages":[],"meta":{}},{"ancestorTitles":["Badge"],"fullName":"Badge default variant is \"default\"","status":"passed","title":"default variant is \"default\"","duration":4.207699999999932,"failureMessages":[],"meta":{}},{"ancestorTitles":["StatusBadge"],"fullName":"StatusBadge maps active to success","status":"passed","title":"maps active to success","duration":2.7272000000002663,"failureMessages":[],"meta":{}},{"ancestorTitles":["StatusBadge"],"fullName":"StatusBadge maps failed to error","status":"passed","title":"maps failed to error","duration":12.294100000000071,"failureMessages":[],"meta":{}},{"ancestorTitles":["StatusBadge"],"fullName":"StatusBadge maps processing to info","status":"passed","title":"maps processing to info","duration":1.9081000000005588,"failureMessages":[],"meta":{}},{"ancestorTitles":["StatusBadge"],"fullName":"StatusBadge maps ended to default","status":"passed","title":"maps ended to default","duration":16.878899999999703,"failureMessages":[],"meta":{}},{"ancestorTitles":["StatusBadge"],"fullName":"StatusBadge unknown status maps to default","status":"passed","title":"unknown status maps to default","duration":26.84990000000016,"failureMessages":[],"meta":{}},{"ancestorTitles":["RoleBadge"],"fullName":"RoleBadge maps owner to purple","status":"passed","title":"maps owner to purple","duration":48.181800000000294,"failureMessages":[],"meta":{}},{"ancestorTitles":["RoleBadge"],"fullName":"RoleBadge maps admin to error","status":"passed","title":"maps admin to error","duration":2.5369000000000597,"failureMessages":[],"meta":{}},{"ancestorTitles":["RoleBadge"],"fullName":"RoleBadge maps member to info","status":"passed","title":"maps member to info","duration":3.4940999999998894,"failureMessages":[],"meta":{}},{"ancestorTitles":["RoleBadge"],"fullName":"RoleBadge maps end-user to default","status":"passed","title":"maps end-user to default","duration":1.6919000000007145,"failureMessages":[],"meta":{}}],"startTime":1785840702784,"endTime":1785840703401.692,"status":"passed","message":"","name":"D:/Proj Chatbot/engine/packages/admin-portal/src/__tests__/components.test.ts"},{"assertionResults":[{"ancestorTitles":["ConversationsPage"],"fullName":"ConversationsPage renders page header","status":"passed","title":"renders page header","duration":309.8649000000005,"failureMessages":[],"meta":{}},{"ancestorTitles":["ConversationsPage"],"fullName":"ConversationsPage loads conversations","status":"passed","title":"loads conversations","duration":66.77330000000075,"failureMessages":[],"meta":{}},{"ancestorTitles":["ConversationsPage"],"fullName":"ConversationsPage click row opens detail modal","status":"passed","title":"click row opens detail modal","duration":263.86119999999937,"failureMessages":[],"meta":{}},{"ancestorTitles":["ConversationsPage"],"fullName":"ConversationsPage handles API error gracefully","status":"passed","title":"handles API error gracefully","duration":95.23399999999947,"failureMessages":[],"meta":{}},{"ancestorTitles":["ConversationsPage"],"fullName":"ConversationsPage shows empty state when no conversations","status":"passed","title":"shows empty state when no conversations","duration":59.31829999999991,"failureMessages":[],"meta":{}}],"startTime":1785840709718,"endTime":1785840710514.3184,"status":"passed","message":"","name":"D:/Proj Chatbot/engine/packages/admin-portal/src/__tests__/conversations.test.ts"},{"assertionResults":[{"ancestorTitles":["DashboardPage"],"fullName":"DashboardPage renders without crashing","status":"passed","title":"renders without crashing","duration":170.02990000000045,"failureMessages":[],"meta":{}},{"ancestorTitles":["DashboardPage"],"fullName":"DashboardPage shows stat cards","status":"passed","title":"shows stat cards","duration":81.54500000000007,"failureMessages":[],"meta":{}},{"ancestorTitles":["DashboardPage"],"fullName":"DashboardPage loads data from APIs","status":"passed","title":"loads data from APIs","duration":69.07700000000023,"failureMessages":[],"meta":{}},{"ancestorTitles":["DashboardPage"],"fullName":"DashboardPage handles API errors gracefully","status":"passed","title":"handles API errors gracefully","duration":70.6909999999998,"failureMessages":[],"meta":{}},{"ancestorTitles":["DashboardPage"],"fullName":"DashboardPage displays usage values","status":"passed","title":"displays usage values","duration":58.860099999999875,"failureMessages":[],"meta":{}}],"startTime":1785840703119,"endTime":1785840703569.86,"status":"passed","message":"","name":"D:/Proj Chatbot/engine/packages/admin-portal/src/__tests__/dashboard.test.ts"},{"assertionResults":[{"ancestorTitles":["KnowledgePage"],"fullName":"KnowledgePage renders page header","status":"passed","title":"renders page header","duration":554.7106999999996,"failureMessages":[],"meta":{}},{"ancestorTitles":["KnowledgePage"],"fullName":"KnowledgePage loads sources","status":"passed","title":"loads sources","duration":101.22650000000067,"failureMessages":[],"meta":{}},{"ancestorTitles":["KnowledgePage"],"fullName":"KnowledgePage upload button opens modal","status":"passed","title":"upload button opens modal","duration":261.91449999999986,"failureMessages":[],"meta":{}},{"ancestorTitles":["KnowledgePage"],"fullName":"KnowledgePage handles API error gracefully","status":"passed","title":"handles API error gracefully","duration":163.53150000000005,"failureMessages":[],"meta":{}},{"ancestorTitles":["KnowledgePage"],"fullName":"KnowledgePage shows empty state when no sources","status":"passed","title":"shows empty state when no sources","duration":78.69939999999951,"failureMessages":[],"meta":{}},{"ancestorTitles":["KnowledgePage"],"fullName":"KnowledgePage status filter select is rendered","status":"passed","title":"status filter select is rendered","duration":72.77890000000025,"failureMessages":[],"meta":{}}],"startTime":1785840703275,"endTime":1785840704508.7788,"status":"passed","message":"","name":"D:/Proj Chatbot/engine/packages/admin-portal/src/__tests__/knowledge.test.ts"},{"assertionResults":[{"ancestorTitles":["AdminLayout initial route resolution"],"fullName":"AdminLayout initial route resolution resolves /admin/login route and shows login form","status":"passed","title":"resolves /admin/login route and shows login form","duration":378.40269999999964,"failureMessages":[],"meta":{}},{"ancestorTitles":["AdminLayout initial route resolution"],"fullName":"AdminLayout initial route resolution resolves /admin/login on browser refresh (same URL)","status":"passed","title":"resolves /admin/login on browser refresh (same URL)","duration":108.83039999999983,"failureMessages":[],"meta":{}},{"ancestorTitles":["AdminLayout initial route resolution"],"fullName":"AdminLayout initial route resolution deep link /admin/dashboard redirects to login when not authenticated","status":"passed","title":"deep link /admin/dashboard redirects to login when not authenticated","duration":52.016200000000026,"failureMessages":[],"meta":{}},{"ancestorTitles":["AdminLayout initial route resolution"],"fullName":"AdminLayout initial route resolution deep link /admin/dashboard shows dashboard when authenticated","status":"passed","title":"deep link /admin/dashboard shows dashboard when authenticated","duration":555.2349000000004,"failureMessages":[],"meta":{}},{"ancestorTitles":["AdminLayout initial route resolution"],"fullName":"AdminLayout initial route resolution deep link /admin/conversations shows conversations when authenticated","status":"passed","title":"deep link /admin/conversations shows conversations when authenticated","duration":287.6328000000003,"failureMessages":[],"meta":{}},{"ancestorTitles":["AdminLayout initial route resolution"],"fullName":"AdminLayout initial route resolution deep link /admin/knowledge shows knowledge page when authenticated","status":"passed","title":"deep link /admin/knowledge shows knowledge page when authenticated","duration":391.21790000000055,"failureMessages":[],"meta":{}},{"ancestorTitles":["AdminLayout initial route resolution"],"fullName":"AdminLayout initial route resolution deep link /admin/settings shows settings page when authenticated","status":"passed","title":"deep link /admin/settings shows settings page when authenticated","duration":357.8037999999997,"failureMessages":[],"meta":{}},{"ancestorTitles":["AdminLayout initial route resolution"],"fullName":"AdminLayout initial route resolution deep link /admin/users shows users page when authenticated as owner","status":"passed","title":"deep link /admin/users shows users page when authenticated as owner","duration":309.9192000000003,"failureMessages":[],"meta":{}},{"ancestorTitles":["AdminLayout initial route resolution"],"fullName":"AdminLayout initial route resolution deep link /admin/api-keys shows API keys page when authenticated as owner","status":"passed","title":"deep link /admin/api-keys shows API keys page when authenticated as owner","duration":362.96169999999984,"failureMessages":[],"meta":{}},{"ancestorTitles":["AdminLayout initial route resolution"],"fullName":"AdminLayout initial route resolution deep link /admin/analytics shows analytics page when authenticated","status":"passed","title":"deep link /admin/analytics shows analytics page when authenticated","duration":386.91280000000006,"failureMessages":[],"meta":{}},{"ancestorTitles":["AdminLayout initial route resolution"],"fullName":"AdminLayout initial route resolution unknown route falls back to dashboard (or login if not authenticated)","status":"passed","title":"unknown route falls back to dashboard (or login if not authenticated)","duration":42.882299999999304,"failureMessages":[],"meta":{}},{"ancestorTitles":["AdminLayout initial route resolution"],"fullName":"AdminLayout initial route resolution back/forward navigation via popstate resolves route","status":"passed","title":"back/forward navigation via popstate resolves route","duration":97.11989999999969,"failureMessages":[],"meta":{}},{"ancestorTitles":["AdminLayout initial route resolution"],"fullName":"AdminLayout initial route resolution multiple mounts (simulating hot reload) work without errors","status":"passed","title":"multiple mounts (simulating hot reload) work without errors","duration":58.92710000000079,"failureMessages":[],"meta":{}},{"ancestorTitles":["AdminLayout initial route resolution"],"fullName":"AdminLayout initial route resolution layout renders sidebar with logo","status":"passed","title":"layout renders sidebar with logo","duration":51.84410000000025,"failureMessages":[],"meta":{}}],"startTime":1785840703771,"endTime":1785840707213.844,"status":"passed","message":"","name":"D:/Proj Chatbot/engine/packages/admin-portal/src/__tests__/layout-routing.test.ts"},{"assertionResults":[{"ancestorTitles":["Router"],"fullName":"Router addRoute and navigate triggers handler","status":"passed","title":"addRoute and navigate triggers handler","duration":29.414700000000266,"failureMessages":[],"meta":{}},{"ancestorTitles":["Router"],"fullName":"Router navigate with pushState updates URL","status":"passed","title":"navigate with pushState updates URL","duration":2.1184000000002925,"failureMessages":[],"meta":{}},{"ancestorTitles":["Router"],"fullName":"Router navigate without pushState does not update URL","status":"passed","title":"navigate without pushState does not update URL","duration":1.1514999999999418,"failureMessages":[],"meta":{}},{"ancestorTitles":["Router"],"fullName":"Router extracts route params","status":"passed","title":"extracts route params","duration":2.4961999999995896,"failureMessages":[],"meta":{}},{"ancestorTitles":["Router"],"fullName":"Router multiple params extracted","status":"passed","title":"multiple params extracted","duration":3.0416999999997643,"failureMessages":[],"meta":{}},{"ancestorTitles":["Router"],"fullName":"Router onNotFound called for unknown route","status":"passed","title":"onNotFound called for unknown route","duration":1.9488000000001193,"failureMessages":[],"meta":{}},{"ancestorTitles":["Router"],"fullName":"Router onRouteChange fires on navigation","status":"passed","title":"onRouteChange fires on navigation","duration":1.5967000000000553,"failureMessages":[],"meta":{}},{"ancestorTitles":["Router"],"fullName":"Router onRouteChange unsub works","status":"passed","title":"onRouteChange unsub works","duration":1.7765000000008513,"failureMessages":[],"meta":{}},{"ancestorTitles":["Router"],"fullName":"Router getCurrentPath returns current path","status":"passed","title":"getCurrentPath returns current path","duration":1.1665000000002692,"failureMessages":[],"meta":{}},{"ancestorTitles":["Router"],"fullName":"Router resolve on popstate","status":"passed","title":"resolve on popstate","duration":2.8590000000003783,"failureMessages":[],"meta":{}},{"ancestorTitles":["Router"],"fullName":"Router destroy removes listener","status":"passed","title":"destroy removes listener","duration":2.4893999999994776,"failureMessages":[],"meta":{}},{"ancestorTitles":["Router"],"fullName":"Router basePath is stripped from path","status":"passed","title":"basePath is stripped from path","duration":1.595299999999952,"failureMessages":[],"meta":{}},{"ancestorTitles":["Router"],"fullName":"Router addRoute returns router for chaining","status":"passed","title":"addRoute returns router for chaining","duration":0.7307000000000698,"failureMessages":[],"meta":{}},{"ancestorTitles":["Router"],"fullName":"Router handler is called on first matching route only","status":"passed","title":"handler is called on first matching route only","duration":1.6978999999992084,"failureMessages":[],"meta":{}}],"startTime":1785840709728,"endTime":1785840709783.698,"status":"passed","message":"","name":"D:/Proj Chatbot/engine/packages/admin-portal/src/__tests__/router.test.ts"},{"assertionResults":[{"ancestorTitles":["SettingsPage"],"fullName":"SettingsPage renders page header","status":"passed","title":"renders page header","duration":87.60049999999956,"failureMessages":[],"meta":{}},{"ancestorTitles":["SettingsPage"],"fullName":"SettingsPage loads tenant settings","status":"passed","title":"loads tenant settings","duration":90.84990000000016,"failureMessages":[],"meta":{}},{"ancestorTitles":["SettingsPage"],"fullName":"SettingsPage displays tabs","status":"passed","title":"displays tabs","duration":59.86419999999998,"failureMessages":[],"meta":{}},{"ancestorTitles":["SettingsPage"],"fullName":"SettingsPage handles API error gracefully","status":"passed","title":"handles API error gracefully","duration":74.0681999999997,"failureMessages":[],"meta":{}},{"ancestorTitles":["SettingsPage"],"fullName":"SettingsPage displays branding values","status":"passed","title":"displays branding values","duration":70.86740000000009,"failureMessages":[],"meta":{}}],"startTime":1785840709771,"endTime":1785840710154.8674,"status":"passed","message":"","name":"D:/Proj Chatbot/engine/packages/admin-portal/src/__tests__/settings.test.ts"},{"assertionResults":[{"ancestorTitles":["SetupWizard knowledge-source fallback"],"fullName":"SetupWizard knowledge-source fallback continues onboarding with a warning when knowledge ingestion fails","status":"passed","title":"continues onboarding with a warning when knowledge ingestion fails","duration":294.6867999999995,"failureMessages":[],"meta":{}}],"startTime":1785840711681,"endTime":1785840711975.6868,"status":"passed","message":"","name":"D:/Proj Chatbot/engine/packages/admin-portal/src/__tests__/setup-wizard.test.ts"},{"assertionResults":[{"ancestorTitles":["Store"],"fullName":"Store returns initial state","status":"passed","title":"returns initial state","duration":4.880000000000109,"failureMessages":[],"meta":{}},{"ancestorTitles":["Store"],"fullName":"Store set updates value and notifies","status":"passed","title":"set updates value and notifies","duration":4.130199999999832,"failureMessages":[],"meta":{}},{"ancestorTitles":["Store"],"fullName":"Store set without subscribers works","status":"passed","title":"set without subscribers works","duration":0.47910000000001673,"failureMessages":[],"meta":{}},{"ancestorTitles":["Store"],"fullName":"Store update merges multiple keys","status":"passed","title":"update merges multiple keys","duration":1.369799999999941,"failureMessages":[],"meta":{}},{"ancestorTitles":["Store"],"fullName":"Store subscribe unsub works","status":"passed","title":"subscribe unsub works","duration":0.8539000000000669,"failureMessages":[],"meta":{}},{"ancestorTitles":["Store"],"fullName":"Store multiple subscribers notified","status":"passed","title":"multiple subscribers notified","duration":0.6798000000001139,"failureMessages":[],"meta":{}},{"ancestorTitles":["Store"],"fullName":"Store onAny notifies on any change","status":"passed","title":"onAny notifies on any change","duration":0.7313999999998941,"failureMessages":[],"meta":{}},{"ancestorTitles":["Store"],"fullName":"Store onAny unsub works","status":"passed","title":"onAny unsub works","duration":0.6459999999999582,"failureMessages":[],"meta":{}},{"ancestorTitles":["Store"],"fullName":"Store getAll returns current state snapshot","status":"passed","title":"getAll returns current state snapshot","duration":0.556400000000167,"failureMessages":[],"meta":{}}],"startTime":1785840693909,"endTime":1785840693923.646,"status":"passed","message":"","name":"D:/Proj Chatbot/engine/packages/admin-portal/src/__tests__/store.test.ts"},{"assertionResults":[{"ancestorTitles":["toast"],"fullName":"toast addToast creates toast","status":"passed","title":"addToast creates toast","duration":5.248900000000049,"failureMessages":[],"meta":{}},{"ancestorTitles":["toast"],"fullName":"toast addToast auto-removes after duration","status":"passed","title":"addToast auto-removes after duration","duration":4.711500000000001,"failureMessages":[],"meta":{}},{"ancestorTitles":["toast"],"fullName":"toast addToast with duration 0 stays","status":"passed","title":"addToast with duration 0 stays","duration":0.6236999999999853,"failureMessages":[],"meta":{}},{"ancestorTitles":["toast"],"fullName":"toast removeToast removes by id","status":"passed","title":"removeToast removes by id","duration":0.7938000000000329,"failureMessages":[],"meta":{}},{"ancestorTitles":["toast"],"fullName":"toast removeToast for unknown id is no-op","status":"passed","title":"removeToast for unknown id is no-op","duration":0.6935999999999467,"failureMessages":[],"meta":{}},{"ancestorTitles":["toast"],"fullName":"toast onToastsChange notifies on add","status":"passed","title":"onToastsChange notifies on add","duration":7.136900000000082,"failureMessages":[],"meta":{}},{"ancestorTitles":["toast"],"fullName":"toast onToastsChange notifies on remove","status":"passed","title":"onToastsChange notifies on remove","duration":2.7719999999999345,"failureMessages":[],"meta":{}},{"ancestorTitles":["toast"],"fullName":"toast onToastsChange unsub works","status":"passed","title":"onToastsChange unsub works","duration":0.8022999999999456,"failureMessages":[],"meta":{}},{"ancestorTitles":["toast"],"fullName":"toast toast.success creates success toast","status":"passed","title":"toast.success creates success toast","duration":0.5790999999999258,"failureMessages":[],"meta":{}},{"ancestorTitles":["toast"],"fullName":"toast toast.error creates error toast","status":"passed","title":"toast.error creates error toast","duration":0.5113000000000056,"failureMessages":[],"meta":{}},{"ancestorTitles":["toast"],"fullName":"toast toast.info creates info toast","status":"passed","title":"toast.info creates info toast","duration":0.41639999999995325,"failureMessages":[],"meta":{}},{"ancestorTitles":["toast"],"fullName":"toast toast.warning creates warning toast","status":"passed","title":"toast.warning creates warning toast","duration":0.42480000000000473,"failureMessages":[],"meta":{}},{"ancestorTitles":["toast"],"fullName":"toast multiple toasts accumulate","status":"passed","title":"multiple toasts accumulate","duration":0.5126999999999953,"failureMessages":[],"meta":{}},{"ancestorTitles":["toast"],"fullName":"toast getToasts returns array that cannot be mutated via toasts reference","status":"passed","title":"getToasts returns array that cannot be mutated via toasts reference","duration":0.46699999999998454,"failureMessages":[],"meta":{}}],"startTime":1785840692244,"endTime":1785840692270.5127,"status":"passed","message":"","name":"D:/Proj Chatbot/engine/packages/admin-portal/src/__tests__/toast.test.ts"},{"assertionResults":[{"ancestorTitles":["UsersPage"],"fullName":"UsersPage renders page header","status":"passed","title":"renders page header","duration":279.59180000000015,"failureMessages":[],"meta":{}},{"ancestorTitles":["UsersPage"],"fullName":"UsersPage loads members","status":"passed","title":"loads members","duration":65.02109999999993,"failureMessages":[],"meta":{}},{"ancestorTitles":["UsersPage"],"fullName":"UsersPage shows role badges","status":"passed","title":"shows role badges","duration":71.35479999999916,"failureMessages":[],"meta":{}},{"ancestorTitles":["UsersPage"],"fullName":"UsersPage handles API error gracefully","status":"passed","title":"handles API error gracefully","duration":90.58650000000034,"failureMessages":[],"meta":{}},{"ancestorTitles":["UsersPage"],"fullName":"UsersPage shows tenant name","status":"passed","title":"shows tenant name","duration":58.46590000000015,"failureMessages":[],"meta":{}}],"startTime":1785840709833,"endTime":1785840710398.4658,"status":"passed","message":"","name":"D:/Proj Chatbot/engine/packages/admin-portal/src/__tests__/users.test.ts"},{"assertionResults":[{"ancestorTitles":["ErrorCodes"],"fullName":"ErrorCodes exports all expected error codes","status":"passed","title":"exports all expected error codes","duration":4.8402999999999565,"failureMessages":[],"meta":{}},{"ancestorTitles":["ErrorCodes"],"fullName":"ErrorCodes all error codes are non-empty strings","status":"passed","title":"all error codes are non-empty strings","duration":3.9039999999999964,"failureMessages":[],"meta":{}},{"ancestorTitles":["ErrorCodes"],"fullName":"ErrorCodes no duplicate error code values","status":"passed","title":"no duplicate error code values","duration":1.5102000000000544,"failureMessages":[],"meta":{}},{"ancestorTitles":["ErrorCodes"],"fullName":"ErrorCodes enumerates all 35 error codes","status":"passed","title":"enumerates all 35 error codes","duration":1.1877000000000635,"failureMessages":[],"meta":{}}],"startTime":1785840696683,"endTime":1785840696695.1877,"status":"passed","message":"","name":"D:/Proj Chatbot/engine/packages/core-types/src/__tests__/errors.test.ts"},{"assertionResults":[{"ancestorTitles":["FileConfigStore"],"fullName":"FileConfigStore saves a config version","status":"passed","title":"saves a config version","duration":8.059600000000046,"failureMessages":[],"meta":{}},{"ancestorTitles":["FileConfigStore"],"fullName":"FileConfigStore loads a saved version","status":"passed","title":"loads a saved version","duration":5.567900000000009,"failureMessages":[],"meta":{}},{"ancestorTitles":["FileConfigStore"],"fullName":"FileConfigStore returns null for missing version","status":"passed","title":"returns null for missing version","duration":0.6040000000000418,"failureMessages":[],"meta":{}},{"ancestorTitles":["FileConfigStore"],"fullName":"FileConfigStore returns latest version","status":"passed","title":"returns latest version","duration":7.14630000000011,"failureMessages":[],"meta":{}},{"ancestorTitles":["FileConfigStore"],"fullName":"FileConfigStore returns null for non-existent tenant latest","status":"passed","title":"returns null for non-existent tenant latest","duration":0.5986000000000331,"failureMessages":[],"meta":{}},{"ancestorTitles":["FileConfigStore"],"fullName":"FileConfigStore increments version numbers","status":"passed","title":"increments version numbers","duration":6.216800000000148,"failureMessages":[],"meta":{}},{"ancestorTitles":["FileConfigStore"],"fullName":"FileConfigStore M-04: latest.json is never partially written","status":"passed","title":"M-04: latest.json is never partially written","duration":5.627299999999877,"failureMessages":[],"meta":{}},{"ancestorTitles":["FileConfigStore"],"fullName":"FileConfigStore M-05: concurrent saves produce correct version numbers","status":"passed","title":"M-05: concurrent saves produce correct version numbers","duration":17.418699999999944,"failureMessages":[],"meta":{}},{"ancestorTitles":["FileConfigStore","path traversal prevention"],"fullName":"FileConfigStore path traversal prevention sanitizeTenantId rejects dotdot","status":"passed","title":"sanitizeTenantId rejects dotdot","duration":0.45860000000016043,"failureMessages":[],"meta":{}},{"ancestorTitles":["FileConfigStore","path traversal prevention"],"fullName":"FileConfigStore path traversal prevention sanitizeTenantId rejects slash","status":"passed","title":"sanitizeTenantId rejects slash","duration":0.4306000000001404,"failureMessages":[],"meta":{}},{"ancestorTitles":["FileConfigStore","path traversal prevention"],"fullName":"FileConfigStore path traversal prevention sanitizeTenantId rejects backslash","status":"passed","title":"sanitizeTenantId rejects backslash","duration":0.28510000000005675,"failureMessages":[],"meta":{}},{"ancestorTitles":["FileConfigStore","path traversal prevention"],"fullName":"FileConfigStore path traversal prevention sanitizeTenantId rejects empty string","status":"passed","title":"sanitizeTenantId rejects empty string","duration":0.344899999999825,"failureMessages":[],"meta":{}},{"ancestorTitles":["FileConfigStore","path traversal prevention"],"fullName":"FileConfigStore path traversal prevention sanitizeTenantId rejects null byte","status":"passed","title":"sanitizeTenantId rejects null byte","duration":0.2663000000000011,"failureMessages":[],"meta":{}},{"ancestorTitles":["FileConfigStore","path traversal prevention"],"fullName":"FileConfigStore path traversal prevention sanitizeTenantId rejects non-string","status":"passed","title":"sanitizeTenantId rejects non-string","duration":0.35160000000018954,"failureMessages":[],"meta":{}},{"ancestorTitles":["FileConfigStore","path traversal prevention"],"fullName":"FileConfigStore path traversal prevention sanitizeTenantId rejects special characters","status":"passed","title":"sanitizeTenantId rejects special characters","duration":0.42259999999987485,"failureMessages":[],"meta":{}},{"ancestorTitles":["FileConfigStore","path traversal prevention"],"fullName":"FileConfigStore path traversal prevention sanitizeTenantId accepts valid tenant IDs","status":"passed","title":"sanitizeTenantId accepts valid tenant IDs","duration":0.5645999999999276,"failureMessages":[],"meta":{}},{"ancestorTitles":["FileConfigStore","path traversal prevention"],"fullName":"FileConfigStore path traversal prevention sanitizeTenantId rejects strings over 255 characters","status":"passed","title":"sanitizeTenantId rejects strings over 255 characters","duration":0.296500000000151,"failureMessages":[],"meta":{}},{"ancestorTitles":["FileConfigStore","path traversal prevention"],"fullName":"FileConfigStore path traversal prevention saveVersion throws on path traversal attempt","status":"passed","title":"saveVersion throws on path traversal attempt","duration":3.99149999999986,"failureMessages":[],"meta":{}},{"ancestorTitles":["FileConfigStore","path traversal prevention"],"fullName":"FileConfigStore path traversal prevention latestVersion throws on path traversal attempt","status":"passed","title":"latestVersion throws on path traversal attempt","duration":0.8297999999999774,"failureMessages":[],"meta":{}},{"ancestorTitles":["FileConfigStore","path traversal prevention"],"fullName":"FileConfigStore path traversal prevention loadVersion throws on path traversal attempt","status":"passed","title":"loadVersion throws on path traversal attempt","duration":0.7258999999999105,"failureMessages":[],"meta":{}}],"startTime":1785840688722,"endTime":1785840688785.7258,"status":"passed","message":"","name":"D:/Proj Chatbot/engine/packages/config-store/src/__tests__/config-store.test.ts"},{"assertionResults":[{"ancestorTitles":["benchmark fixture parity"],"fullName":"benchmark fixture parity produces identical canonical inputs for paired synthetic and real-world cases","status":"passed","title":"produces identical canonical inputs for paired synthetic and real-world cases","duration":3.417899999999918,"failureMessages":[],"meta":{}}],"startTime":1785840692488,"endTime":1785840692491.418,"status":"passed","message":"","name":"D:/Proj Chatbot/engine/packages/conversation-orchestrator/src/__tests__/benchmark-fixtures.parity.test.ts"},{"assertionResults":[{"ancestorTitles":["Conversation Memory"],"fullName":"Conversation Memory creates memory with defaults","status":"passed","title":"creates memory with defaults","duration":4.2456999999999425,"failureMessages":[],"meta":{}},{"ancestorTitles":["Conversation Memory"],"fullName":"Conversation Memory creates memory with overrides","status":"passed","title":"creates memory with overrides","duration":0.6598999999998796,"failureMessages":[],"meta":{}},{"ancestorTitles":["Conversation Memory"],"fullName":"Conversation Memory converts from legacy memory with empty turns","status":"passed","title":"converts from legacy memory with empty turns","duration":0.9664000000000215,"failureMessages":[],"meta":{}},{"ancestorTitles":["Conversation Memory"],"fullName":"Conversation Memory converts from legacy memory with turns","status":"passed","title":"converts from legacy memory with turns","duration":2.451300000000174,"failureMessages":[],"meta":{}},{"ancestorTitles":["Conversation Memory"],"fullName":"Conversation Memory discerns topics from message","status":"passed","title":"discerns topics from message","duration":3.9601000000000113,"failureMessages":[],"meta":{}},{"ancestorTitles":["Conversation Memory"],"fullName":"Conversation Memory discerns multiple topics from a single message","status":"passed","title":"discerns multiple topics from a single message","duration":0.6675000000000182,"failureMessages":[],"meta":{}},{"ancestorTitles":["Conversation Memory"],"fullName":"Conversation Memory tracks topic explanation without duplicates","status":"passed","title":"tracks topic explanation without duplicates","duration":0.6748999999999796,"failureMessages":[],"meta":{}},{"ancestorTitles":["Conversation Memory"],"fullName":"Conversation Memory tracks CTA rejection","status":"passed","title":"tracks CTA rejection","duration":0.7032999999998992,"failureMessages":[],"meta":{}},{"ancestorTitles":["Conversation Memory"],"fullName":"Conversation Memory tracks goal achievement","status":"passed","title":"tracks goal achievement","duration":0.4659999999998945,"failureMessages":[],"meta":{}},{"ancestorTitles":["Conversation Memory"],"fullName":"Conversation Memory preserves industry and company size overrides","status":"passed","title":"preserves industry and company size overrides","duration":0.4234999999998763,"failureMessages":[],"meta":{}},{"ancestorTitles":["Conversation Validator"],"fullName":"Conversation Validator validates a good response passes","status":"passed","title":"validates a good response passes","duration":5.40319999999997,"failureMessages":[],"meta":{}},{"ancestorTitles":["Conversation Validator"],"fullName":"Conversation Validator rejects empty response","status":"passed","title":"rejects empty response","duration":0.4957000000001699,"failureMessages":[],"meta":{}},{"ancestorTitles":["Conversation Validator"],"fullName":"Conversation Validator detects missing greeting acknowledgment","status":"passed","title":"detects missing greeting acknowledgment","duration":1.6422000000000025,"failureMessages":[],"meta":{}},{"ancestorTitles":["Conversation Validator"],"fullName":"Conversation Validator passes greeting acknowledgment","status":"passed","title":"passes greeting acknowledgment","duration":0.7891999999999371,"failureMessages":[],"meta":{}},{"ancestorTitles":["Conversation Validator"],"fullName":"Conversation Validator detects missing farewell acknowledgment","status":"passed","title":"detects missing farewell acknowledgment","duration":0.5364999999999327,"failureMessages":[],"meta":{}},{"ancestorTitles":["Conversation Validator"],"fullName":"Conversation Validator passes farewell acknowledgment","status":"passed","title":"passes farewell acknowledgment","duration":0.40660000000002583,"failureMessages":[],"meta":{}},{"ancestorTitles":["Conversation Validator"],"fullName":"Conversation Validator detects missing gratitude acknowledgment","status":"passed","title":"detects missing gratitude acknowledgment","duration":0.5018999999999778,"failureMessages":[],"meta":{}},{"ancestorTitles":["Conversation Validator"],"fullName":"Conversation Validator detects identical response repetition","status":"passed","title":"detects identical response repetition","duration":0.4753000000000611,"failureMessages":[],"meta":{}},{"ancestorTitles":["Conversation Validator"],"fullName":"Conversation Validator detects high word overlap repetition","status":"passed","title":"detects high word overlap repetition","duration":0.5723000000000411,"failureMessages":[],"meta":{}},{"ancestorTitles":["Conversation Validator"],"fullName":"Conversation Validator detects response with no follow-up direction","status":"passed","title":"detects response with no follow-up direction","duration":0.5048999999999069,"failureMessages":[],"meta":{}},{"ancestorTitles":["Conversation Validator"],"fullName":"Conversation Validator passes response with follow-up question","status":"passed","title":"passes response with follow-up question","duration":0.39869999999996253,"failureMessages":[],"meta":{}},{"ancestorTitles":["Conversation Validator"],"fullName":"Conversation Validator detects multiple CTAs","status":"passed","title":"detects multiple CTAs","duration":0.44640000000003965,"failureMessages":[],"meta":{}},{"ancestorTitles":["Conversation Validator"],"fullName":"Conversation Validator detects multiple qualification questions","status":"passed","title":"detects multiple qualification questions","duration":0.41830000000004475,"failureMessages":[],"meta":{}},{"ancestorTitles":["Conversation Validator"],"fullName":"Conversation Validator detects response ending without direction","status":"passed","title":"detects response ending without direction","duration":0.40300000000002,"failureMessages":[],"meta":{}},{"ancestorTitles":["Conversation Validator"],"fullName":"Conversation Validator passes response with CTA but no question","status":"passed","title":"passes response with CTA but no question","duration":0.36580000000003565,"failureMessages":[],"meta":{}},{"ancestorTitles":["Conversation Validator"],"fullName":"Conversation Validator passes farewell without follow-up","status":"passed","title":"passes farewell without follow-up","duration":0.2764999999999418,"failureMessages":[],"meta":{}},{"ancestorTitles":["Conversation Validator"],"fullName":"Conversation Validator acknowledges \"really\" emphasis","status":"passed","title":"acknowledges \"really\" emphasis","duration":0.7052999999998519,"failureMessages":[],"meta":{}},{"ancestorTitles":["Conversation Validator"],"fullName":"Conversation Validator passes response acknowledging \"really\"","status":"passed","title":"passes response acknowledging \"really\"","duration":0.502100000000155,"failureMessages":[],"meta":{}},{"ancestorTitles":["Conversation Validator"],"fullName":"Conversation Validator passes response about who made you","status":"passed","title":"passes response about who made you","duration":0.42020000000002256,"failureMessages":[],"meta":{}},{"ancestorTitles":["Conversation Validator"],"fullName":"Conversation Validator rejects dismissive response to a question","status":"passed","title":"rejects dismissive response to a question","duration":0.4134999999998854,"failureMessages":[],"meta":{}},{"ancestorTitles":["Conversation Planner"],"fullName":"Conversation Planner detects greeting intent","status":"passed","title":"detects greeting intent","duration":17.04430000000002,"failureMessages":[],"meta":{}},{"ancestorTitles":["Conversation Planner"],"fullName":"Conversation Planner detects farewell intent","status":"passed","title":"detects farewell intent","duration":7.669700000000148,"failureMessages":[],"meta":{}},{"ancestorTitles":["Conversation Planner"],"fullName":"Conversation Planner detects small talk","status":"passed","title":"detects small talk","duration":2.694400000000087,"failureMessages":[],"meta":{}},{"ancestorTitles":["Conversation Planner"],"fullName":"Conversation Planner detects learning intent","status":"passed","title":"detects learning intent","duration":1.0270999999997912,"failureMessages":[],"meta":{}},{"ancestorTitles":["Conversation Planner"],"fullName":"Conversation Planner detects comparing intent","status":"passed","title":"detects comparing intent","duration":0.7913999999998396,"failureMessages":[],"meta":{}},{"ancestorTitles":["Conversation Planner"],"fullName":"Conversation Planner detects evaluating intent","status":"passed","title":"detects evaluating intent","duration":1.118600000000015,"failureMessages":[],"meta":{}},{"ancestorTitles":["Conversation Planner"],"fullName":"Conversation Planner detects buying intent","status":"passed","title":"detects buying intent","duration":1.1731999999999516,"failureMessages":[],"meta":{}},{"ancestorTitles":["Conversation Planner"],"fullName":"Conversation Planner detects objection intent","status":"passed","title":"detects objection intent","duration":0.7446999999999662,"failureMessages":[],"meta":{}},{"ancestorTitles":["Conversation Planner"],"fullName":"Conversation Planner detects leaving intent","status":"passed","title":"detects leaving intent","duration":0.5452999999999975,"failureMessages":[],"meta":{}},{"ancestorTitles":["Conversation Planner"],"fullName":"Conversation Planner detects confirming intent","status":"passed","title":"detects confirming intent","duration":0.5343000000000302,"failureMessages":[],"meta":{}},{"ancestorTitles":["Conversation Planner"],"fullName":"Conversation Planner detects rejecting intent with objection","status":"passed","title":"detects rejecting intent with objection","duration":0.6843000000001211,"failureMessages":[],"meta":{}},{"ancestorTitles":["Conversation Planner"],"fullName":"Conversation Planner detects implementation intent","status":"passed","title":"detects implementation intent","duration":1.1136000000001332,"failureMessages":[],"meta":{}},{"ancestorTitles":["Conversation Planner"],"fullName":"Conversation Planner sets goal to qualify when information is missing","status":"passed","title":"sets goal to qualify when information is missing","duration":0.787499999999909,"failureMessages":[],"meta":{}},{"ancestorTitles":["Conversation Planner"],"fullName":"Conversation Planner sets goal to close_trial with buying intent when qualified","status":"passed","title":"sets goal to close_trial with buying intent when qualified","duration":0.9606000000001131,"failureMessages":[],"meta":{}},{"ancestorTitles":["Conversation Planner"],"fullName":"Conversation Planner sets tone to empathic for high frustration","status":"passed","title":"sets tone to empathic for high frustration","duration":0.5601999999998952,"failureMessages":[],"meta":{}},{"ancestorTitles":["Conversation Planner"],"fullName":"Conversation Planner sets tone to professional for comparing","status":"passed","title":"sets tone to professional for comparing","duration":0.5171000000000276,"failureMessages":[],"meta":{}},{"ancestorTitles":["Conversation Planner"],"fullName":"Conversation Planner detects comparison stage and CEO buyer role","status":"passed","title":"detects comparison stage and CEO buyer role","duration":0.4293999999999869,"failureMessages":[],"meta":{}},{"ancestorTitles":["Conversation Planner"],"fullName":"Conversation Planner detects objection stage for security concerns","status":"passed","title":"detects objection stage for security concerns","duration":0.5029999999999291,"failureMessages":[],"meta":{}},{"ancestorTitles":["Conversation Planner"],"fullName":"Conversation Planner detects missing qualification fields","status":"passed","title":"detects missing qualification fields","duration":0.6529000000000451,"failureMessages":[],"meta":{}},{"ancestorTitles":["Conversation Planner"],"fullName":"Conversation Planner uses trust signal for early stage","status":"passed","title":"uses trust signal for early stage","duration":1.0731000000000677,"failureMessages":[],"meta":{}},{"ancestorTitles":["Conversation Planner"],"fullName":"Conversation Planner advances funnel stage to evaluation after enough turns","status":"passed","title":"advances funnel stage to evaluation after enough turns","duration":2.7842000000000553,"failureMessages":[],"meta":{}},{"ancestorTitles":["Conversation Planner"],"fullName":"Conversation Planner sets finish_conversation for leaving","status":"passed","title":"sets finish_conversation for leaving","duration":0.5599999999999454,"failureMessages":[],"meta":{}},{"ancestorTitles":["Conversation Planner"],"fullName":"Conversation Planner identifies who-made-you as learning intent","status":"passed","title":"identifies who-made-you as learning intent","duration":4.09010000000012,"failureMessages":[],"meta":{}},{"ancestorTitles":["Conversation Planner"],"fullName":"Conversation Planner \"prices\" standalone (turnCount=3) → evaluating","status":"passed","title":"\"prices\" standalone (turnCount=3) → evaluating","duration":0.3789999999999054,"failureMessages":[],"meta":{}},{"ancestorTitles":["Conversation Planner"],"fullName":"Conversation Planner \"what are your prices?\" (turnCount=3) → evaluating","status":"passed","title":"\"what are your prices?\" (turnCount=3) → evaluating","duration":0.3525999999999385,"failureMessages":[],"meta":{}},{"ancestorTitles":["Conversation Planner"],"fullName":"Conversation Planner \"what are your prices?\" (turnCount=0) → evaluating (EVALUATING_PATTERNS fires unconditionally before LEARNING_PATTERNS)","status":"passed","title":"\"what are your prices?\" (turnCount=0) → evaluating (EVALUATING_PATTERNS fires unconditionally before LEARNING_PATTERNS)","duration":0.27500000000009095,"failureMessages":[],"meta":{}},{"ancestorTitles":["Conversation Planner"],"fullName":"Conversation Planner \"how are you?\" at turnCount=2 → small_talk (pass-through reaches planner, not canned greeting)","status":"passed","title":"\"how are you?\" at turnCount=2 → small_talk (pass-through reaches planner, not canned greeting)","duration":0.309800000000223,"failureMessages":[],"meta":{}},{"ancestorTitles":["Conversation Planner"],"fullName":"Conversation Planner \"makes sense\" at turnCount=2 → confirming + advance_funnel","status":"passed","title":"\"makes sense\" at turnCount=2 → confirming + advance_funnel","duration":0.4985999999998967,"failureMessages":[],"meta":{}},{"ancestorTitles":["Conversation Brain"],"fullName":"Conversation Brain processes a greeting turn","status":"passed","title":"processes a greeting turn","duration":25.081300000000056,"failureMessages":[],"meta":{}},{"ancestorTitles":["Conversation Brain"],"fullName":"Conversation Brain processes a features question","status":"passed","title":"processes a features question","duration":10.945699999999988,"failureMessages":[],"meta":{}},{"ancestorTitles":["Conversation Brain"],"fullName":"Conversation Brain processes a pricing question","status":"passed","title":"processes a pricing question","duration":6.328499999999849,"failureMessages":[],"meta":{}},{"ancestorTitles":["Conversation Brain"],"fullName":"Conversation Brain processes an objection","status":"passed","title":"processes an objection","duration":3.7993999999998778,"failureMessages":[],"meta":{}},{"ancestorTitles":["Conversation Brain"],"fullName":"Conversation Brain handles \"worried about security\" as objection regardless of pipeline strategy label","status":"passed","title":"handles \"worried about security\" as objection regardless of pipeline strategy label","duration":2.1789000000001124,"failureMessages":[],"meta":{}},{"ancestorTitles":["Conversation Brain"],"fullName":"Conversation Brain processes a buying intent","status":"passed","title":"processes a buying intent","duration":2.2854999999999563,"failureMessages":[],"meta":{}},{"ancestorTitles":["Conversation Brain"],"fullName":"Conversation Brain processes a farewell","status":"passed","title":"processes a farewell","duration":1.3442000000000007,"failureMessages":[],"meta":{}},{"ancestorTitles":["Conversation Brain"],"fullName":"Conversation Brain sets qualification goal when info is missing at turn 4+","status":"passed","title":"sets qualification goal when info is missing at turn 4+","duration":2.5107000000000426,"failureMessages":[],"meta":{}},{"ancestorTitles":["Conversation Brain"],"fullName":"Conversation Brain adds follow-up when response has no direction","status":"passed","title":"adds follow-up when response has no direction","duration":2.0153000000000247,"failureMessages":[],"meta":{}},{"ancestorTitles":["Conversation Brain"],"fullName":"Conversation Brain generates dynamic quick replies for build_trust goal","status":"passed","title":"generates dynamic quick replies for build_trust goal","duration":1.9404000000001815,"failureMessages":[],"meta":{}},{"ancestorTitles":["Conversation Brain"],"fullName":"Conversation Brain generates dynamic quick replies for qualify goal","status":"passed","title":"generates dynamic quick replies for qualify goal","duration":2.360900000000129,"failureMessages":[],"meta":{}},{"ancestorTitles":["Conversation Brain"],"fullName":"Conversation Brain generates dynamic quick replies for handle_objection goal","status":"passed","title":"generates dynamic quick replies for handle_objection goal","duration":2.0942999999999756,"failureMessages":[],"meta":{}},{"ancestorTitles":["Conversation Brain"],"fullName":"Conversation Brain tracks conversation memory across multiple turns","status":"passed","title":"tracks conversation memory across multiple turns","duration":11.309799999999996,"failureMessages":[],"meta":{}},{"ancestorTitles":["Conversation Brain"],"fullName":"Conversation Brain does not repeat topics already explained","status":"passed","title":"does not repeat topics already explained","duration":1.6570000000001528,"failureMessages":[],"meta":{}},{"ancestorTitles":["Conversation Brain"],"fullName":"Conversation Brain selects enterprise CTAs for enterprise persona","status":"passed","title":"selects enterprise CTAs for enterprise persona","duration":1.712099999999964,"failureMessages":[],"meta":{}},{"ancestorTitles":["Conversation Brain"],"fullName":"Conversation Brain selects developer CTAs for developer persona","status":"passed","title":"selects developer CTAs for developer persona","duration":1.8362999999999374,"failureMessages":[],"meta":{}},{"ancestorTitles":["Conversation Brain"],"fullName":"Conversation Brain selects close_trial CTA for buying intent","status":"passed","title":"selects close_trial CTA for buying intent","duration":1.338399999999865,"failureMessages":[],"meta":{}},{"ancestorTitles":["Conversation Brain"],"fullName":"Conversation Brain handles price objection with appropriate quick replies","status":"passed","title":"handles price objection with appropriate quick replies","duration":2.5355999999999312,"failureMessages":[],"meta":{}},{"ancestorTitles":["Conversation Brain"],"fullName":"Conversation Brain handles security objection","status":"passed","title":"handles security objection","duration":1.2962999999999738,"failureMessages":[],"meta":{}},{"ancestorTitles":["Conversation Brain"],"fullName":"Conversation Brain handles setup objection","status":"passed","title":"handles setup objection","duration":1.6105999999999767,"failureMessages":[],"meta":{}},{"ancestorTitles":["Conversation Brain"],"fullName":"Conversation Brain handles competition objection","status":"passed","title":"handles competition objection","duration":1.6458999999999833,"failureMessages":[],"meta":{}},{"ancestorTitles":["Conversation Brain"],"fullName":"Conversation Brain handles gratitude with follow-up","status":"passed","title":"handles gratitude with follow-up","duration":1.3445000000001528,"failureMessages":[],"meta":{}},{"ancestorTitles":["Conversation Brain"],"fullName":"Conversation Brain handles small talk without resetting context","status":"passed","title":"handles small talk without resetting context","duration":1.4369999999998981,"failureMessages":[],"meta":{}},{"ancestorTitles":["Conversation Brain"],"fullName":"Conversation Brain does not repeat rejected CTAs","status":"passed","title":"does not repeat rejected CTAs","duration":1.7443000000000666,"failureMessages":[],"meta":{}},{"ancestorTitles":["Conversation Brain"],"fullName":"Conversation Brain preserves trust level from sentiment","status":"passed","title":"preserves trust level from sentiment","duration":1.2519999999999527,"failureMessages":[],"meta":{}},{"ancestorTitles":["Conversation Brain"],"fullName":"Conversation Brain detects abandonment from leaving phrases","status":"passed","title":"detects abandonment from leaving phrases","duration":0.7633999999998196,"failureMessages":[],"meta":{}},{"ancestorTitles":["Conversation Brain"],"fullName":"Conversation Brain returns valid response","status":"passed","title":"returns valid response","duration":1.0251000000000658,"failureMessages":[],"meta":{}},{"ancestorTitles":["Conversation Brain"],"fullName":"Conversation Brain preserves original response when validation fails on enriched","status":"passed","title":"preserves original response when validation fails on enriched","duration":0.4517000000000735,"failureMessages":[],"meta":{}},{"ancestorTitles":["Conversation Brain"],"fullName":"Conversation Brain selects recovery CTA for abandonment","status":"passed","title":"selects recovery CTA for abandonment","duration":1.740199999999959,"failureMessages":[],"meta":{}},{"ancestorTitles":["Conversation Brain"],"fullName":"Conversation Brain handles enterprise persona with discovery flow","status":"passed","title":"handles enterprise persona with discovery flow","duration":1.3904999999999745,"failureMessages":[],"meta":{}},{"ancestorTitles":["Conversation Brain"],"fullName":"Conversation Brain handles developer persona with technical questions","status":"passed","title":"handles developer persona with technical questions","duration":1.4329999999999927,"failureMessages":[],"meta":{}},{"ancestorTitles":["Conversation Brain"],"fullName":"Conversation Brain handles basic identity question","status":"passed","title":"handles basic identity question","duration":1.296100000000024,"failureMessages":[],"meta":{}},{"ancestorTitles":["Conversation Brain"],"fullName":"Conversation Brain handles who-made-you question","status":"passed","title":"handles who-made-you question","duration":1.1066999999998188,"failureMessages":[],"meta":{}},{"ancestorTitles":["Conversation Brain"],"fullName":"Conversation Brain handles ok mid-conversation with follow-up","status":"passed","title":"handles ok mid-conversation with follow-up","duration":1.5043000000000575,"failureMessages":[],"meta":{}},{"ancestorTitles":["Conversation Brain"],"fullName":"Conversation Brain handles tell-me-more request","status":"passed","title":"handles tell-me-more request","duration":3.2363000000000284,"failureMessages":[],"meta":{}},{"ancestorTitles":["Conversation Brain"],"fullName":"Conversation Brain handles multiple turns with qualification progression","status":"passed","title":"handles multiple turns with qualification progression","duration":8.864499999999907,"failureMessages":[],"meta":{}},{"ancestorTitles":["Conversation Brain"],"fullName":"Conversation Brain handles comparison follow-up","status":"passed","title":"handles comparison follow-up","duration":1.6090999999998985,"failureMessages":[],"meta":{}},{"ancestorTitles":["Conversation Brain"],"fullName":"Conversation Brain creates correct quick replies for advance_funnel or qualify","status":"passed","title":"creates correct quick replies for advance_funnel or qualify","duration":1.5442999999997937,"failureMessages":[],"meta":{}},{"ancestorTitles":["Conversation Brain"],"fullName":"Conversation Brain creates correct quick replies for close_trial or recommend_plan","status":"passed","title":"creates correct quick replies for close_trial or recommend_plan","duration":2.651800000000094,"failureMessages":[],"meta":{}},{"ancestorTitles":["Conversation Brain"],"fullName":"Conversation Brain caps quick replies at 4","status":"passed","title":"caps quick replies at 4","duration":1.7005000000001473,"failureMessages":[],"meta":{}},{"ancestorTitles":["Conversation Brain"],"fullName":"Conversation Brain sets isAbandoned on high abandonment risk","status":"passed","title":"sets isAbandoned on high abandonment risk","duration":0.5351000000000568,"failureMessages":[],"meta":{}},{"ancestorTitles":["Conversation Brain"],"fullName":"Conversation Brain preserves topics from previous turns in memory","status":"passed","title":"preserves topics from previous turns in memory","duration":2.554200000000037,"failureMessages":[],"meta":{}},{"ancestorTitles":["Conversation Brain"],"fullName":"Conversation Brain accumulates objections across turns","status":"passed","title":"accumulates objections across turns","duration":2.4003000000000156,"failureMessages":[],"meta":{}},{"ancestorTitles":["Conversation Brain"],"fullName":"Conversation Brain handles enterprise procurement objection","status":"passed","title":"handles enterprise procurement objection","duration":2.011700000000019,"failureMessages":[],"meta":{}},{"ancestorTitles":["Conversation Brain"],"fullName":"Conversation Brain generates pricing quick replies for pricing inquiries","status":"passed","title":"generates pricing quick replies for pricing inquiries","duration":1.7971000000000004,"failureMessages":[],"meta":{}},{"ancestorTitles":["Conversation Brain"],"fullName":"Conversation Brain returns debug panel for pricing inquiries","status":"passed","title":"returns debug panel for pricing inquiries","duration":1.6312000000000353,"failureMessages":[],"meta":{}},{"ancestorTitles":["Conversation Brain"],"fullName":"Conversation Brain records ignored buttons and avoids recommending them again","status":"passed","title":"records ignored buttons and avoids recommending them again","duration":4.608899999999949,"failureMessages":[],"meta":{}},{"ancestorTitles":["Conversation Brain"],"fullName":"Conversation Brain records accepted buttons for future personalization","status":"passed","title":"records accepted buttons for future personalization","duration":2.072199999999839,"failureMessages":[],"meta":{}},{"ancestorTitles":["Conversation Brain"],"fullName":"Conversation Brain generates security quick replies for security objections","status":"passed","title":"generates security quick replies for security objections","duration":1.6258000000000266,"failureMessages":[],"meta":{}},{"ancestorTitles":["Conversation Brain"],"fullName":"Conversation Brain generates enterprise and competitor quick replies for comparing questions","status":"passed","title":"generates enterprise and competitor quick replies for comparing questions","duration":3.7704000000001088,"failureMessages":[],"meta":{}},{"ancestorTitles":["Conversation Brain"],"fullName":"Conversation Brain generates qualification quick replies for buying readiness","status":"passed","title":"generates qualification quick replies for buying readiness","duration":2.3484000000000833,"failureMessages":[],"meta":{}},{"ancestorTitles":["Conversation Brain"],"fullName":"Conversation Brain generates demo and trial quick replies for buying intent","status":"passed","title":"generates demo and trial quick replies for buying intent","duration":4.3797000000001844,"failureMessages":[],"meta":{}},{"ancestorTitles":["Conversation Brain"],"fullName":"Conversation Brain generates support quick replies for support inquiries","status":"passed","title":"generates support quick replies for support inquiries","duration":1.6692000000000462,"failureMessages":[],"meta":{}},{"ancestorTitles":["Conversation Brain"],"fullName":"Conversation Brain handles \"really\" question with acknowledgment","status":"passed","title":"handles \"really\" question with acknowledgment","duration":1.2345000000000255,"failureMessages":[],"meta":{}},{"ancestorTitles":["Conversation Brain"],"fullName":"Conversation Brain handles \"why\" question","status":"passed","title":"handles \"why\" question","duration":1.495200000000068,"failureMessages":[],"meta":{}},{"ancestorTitles":["Conversation Brain"],"fullName":"Conversation Brain handles \"I don't like this\" objection","status":"passed","title":"handles \"I don't like this\" objection","duration":1.2744000000000142,"failureMessages":[],"meta":{}},{"ancestorTitles":["Conversation Brain"],"fullName":"Conversation Brain finishes conversation with a CTA when leaving","status":"passed","title":"finishes conversation with a CTA when leaving","duration":0.5855999999998858,"failureMessages":[],"meta":{}},{"ancestorTitles":["Conversation Brain"],"fullName":"Conversation Brain handles thanks and provides follow-up","status":"passed","title":"handles thanks and provides follow-up","duration":1.1459999999999582,"failureMessages":[],"meta":{}},{"ancestorTitles":["Conversation Brain"],"fullName":"Conversation Brain sets correct persona from message","status":"passed","title":"sets correct persona from message","duration":1.3233999999999924,"failureMessages":[],"meta":{}},{"ancestorTitles":["Conversation Brain"],"fullName":"Conversation Brain detects developer persona from technical question","status":"passed","title":"detects developer persona from technical question","duration":1.406400000000076,"failureMessages":[],"meta":{}},{"ancestorTitles":["Conversation Brain"],"fullName":"Conversation Brain preserves companySize from memory creation","status":"passed","title":"preserves companySize from memory creation","duration":0.3166999999998552,"failureMessages":[],"meta":{}},{"ancestorTitles":["Conversation Brain"],"fullName":"Conversation Brain handles contextual follow-up after features","status":"passed","title":"handles contextual follow-up after features","duration":1.4037000000000717,"failureMessages":[],"meta":{}},{"ancestorTitles":["Conversation Brain"],"fullName":"Conversation Brain handles walkthrough request","status":"passed","title":"handles walkthrough request","duration":1.1834999999998672,"failureMessages":[],"meta":{}},{"ancestorTitles":["Conversation Brain"],"fullName":"Conversation Brain handles demo request","status":"passed","title":"handles demo request","duration":1.508600000000115,"failureMessages":[],"meta":{}},{"ancestorTitles":["Conversation Brain"],"fullName":"Conversation Brain does not repeat the same follow-up across turns","status":"passed","title":"does not repeat the same follow-up across turns","duration":2.3562000000001717,"failureMessages":[],"meta":{}},{"ancestorTitles":["Conversation Brain"],"fullName":"Conversation Brain handles 10+ turn conversation without degradation","status":"passed","title":"handles 10+ turn conversation without degradation","duration":14.919500000000198,"failureMessages":[],"meta":{}},{"ancestorTitles":["Conversation Brain"],"fullName":"Conversation Brain tracks goals achieved across turns","status":"passed","title":"tracks goals achieved across turns","duration":2.0932000000000244,"failureMessages":[],"meta":{}},{"ancestorTitles":["Conversation Brain"],"fullName":"Conversation Brain provides at most one CTA in response text","status":"passed","title":"provides at most one CTA in response text","duration":1.6804999999999382,"failureMessages":[],"meta":{}},{"ancestorTitles":["Conversation Brain"],"fullName":"Conversation Brain handles empty message gracefully","status":"passed","title":"handles empty message gracefully","duration":1.447099999999864,"failureMessages":[],"meta":{}},{"ancestorTitles":["Conversation Brain"],"fullName":"Conversation Brain handles very long message","status":"passed","title":"handles very long message","duration":2.323699999999917,"failureMessages":[],"meta":{}},{"ancestorTitles":["Conversation Brain"],"fullName":"Conversation Brain processes a developer trial request","status":"passed","title":"processes a developer trial request","duration":1.4467000000001917,"failureMessages":[],"meta":{}},{"ancestorTitles":["Conversation Brain"],"fullName":"Conversation Brain processes existing customer intent","status":"passed","title":"processes existing customer intent","duration":1.3648000000000593,"failureMessages":[],"meta":{}},{"ancestorTitles":["Conversation Brain"],"fullName":"Conversation Brain processes support request","status":"passed","title":"processes support request","duration":1.240400000000136,"failureMessages":[],"meta":{}},{"ancestorTitles":["Conversation Brain"],"fullName":"Conversation Brain handles e-commerce topic detection","status":"passed","title":"handles e-commerce topic detection","duration":1.5287000000000717,"failureMessages":[],"meta":{}},{"ancestorTitles":["Conversation Brain"],"fullName":"Conversation Brain handles e-commerce objections","status":"passed","title":"handles e-commerce objections","duration":1.2361000000000786,"failureMessages":[],"meta":{}},{"ancestorTitles":["Conversation Brain"],"fullName":"Conversation Brain handles support manager persona","status":"passed","title":"handles support manager persona","duration":1.980099999999993,"failureMessages":[],"meta":{}},{"ancestorTitles":["Conversation Brain"],"fullName":"Conversation Brain handles startup founder persona","status":"passed","title":"handles startup founder persona","duration":1.6817000000000917,"failureMessages":[],"meta":{}},{"ancestorTitles":["Conversation Brain"],"fullName":"Conversation Brain handles agency persona","status":"passed","title":"handles agency persona","duration":3.74369999999999,"fa
[...]
ror events in stream","status":"passed","title":"calls onError for error events in stream","duration":6.251499999999396,"failureMessages":[],"meta":{}},{"ancestorTitles":["streamChat"],"fullName":"streamChat sends tenant-id, api-key, widget-token, and session-id headers","status":"passed","title":"sends tenant-id, api-key, widget-token, and session-id headers","duration":6.721999999999753,"failureMessages":[],"meta":{}},{"ancestorTitles":["streamChat"],"fullName":"streamChat sends message text in request body","status":"passed","title":"sends message text in request body","duration":3.511199999999917,"failureMessages":[],"meta":{}},{"ancestorTitles":["streamChat"],"fullName":"streamChat ignores AbortError silently","status":"passed","title":"ignores AbortError silently","duration":7.331299999999828,"failureMessages":[],"meta":{}},{"ancestorTitles":["ChatWidget"],"fullName":"ChatWidget mounts bubble and container to DOM","status":"passed","title":"mounts bubble and container to DOM","duration":382.5753000000004,"failureMessages":[],"meta":{}},{"ancestorTitles":["ChatWidget"],"fullName":"ChatWidget does not double-mount","status":"passed","title":"does not double-mount","duration":87.83390000000054,"failureMessages":[],"meta":{}},{"ancestorTitles":["ChatWidget"],"fullName":"ChatWidget unmounts removes elements from DOM","status":"passed","title":"unmounts removes elements from DOM","duration":99.98469999999998,"failureMessages":[],"meta":{}},{"ancestorTitles":["ChatWidget"],"fullName":"ChatWidget toggle opens and closes chat window","status":"passed","title":"toggle opens and closes chat window","duration":229.40990000000056,"failureMessages":[],"meta":{}},{"ancestorTitles":["ChatWidget"],"fullName":"ChatWidget shows greeting message on first open","status":"passed","title":"shows greeting message on first open","duration":116.78320000000076,"failureMessages":[],"meta":{}},{"ancestorTitles":["ChatWidget"],"fullName":"ChatWidget does not duplicate greeting on multiple opens","status":"passed","title":"does not duplicate greeting on multiple opens","duration":67.14289999999983,"failureMessages":[],"meta":{}},{"ancestorTitles":["ChatWidget"],"fullName":"ChatWidget adds user message on send","status":"passed","title":"adds user message on send","duration":154.6203999999998,"failureMessages":[],"meta":{}},{"ancestorTitles":["ChatWidget"],"fullName":"ChatWidget does not send empty messages","status":"passed","title":"does not send empty messages","duration":92.73379999999997,"failureMessages":[],"meta":{}},{"ancestorTitles":["ChatWidget"],"fullName":"ChatWidget streams response from API","status":"passed","title":"streams response from API","duration":135.1863000000003,"failureMessages":[],"meta":{}},{"ancestorTitles":["ChatWidget"],"fullName":"ChatWidget renders message elements in DOM","status":"passed","title":"renders message elements in DOM","duration":118.5647999999992,"failureMessages":[],"meta":{}},{"ancestorTitles":["ChatWidget"],"fullName":"ChatWidget position defaults to bottom-right","status":"passed","title":"position defaults to bottom-right","duration":34.59940000000006,"failureMessages":[],"meta":{}},{"ancestorTitles":["ChatWidget"],"fullName":"ChatWidget position bottom-left works","status":"passed","title":"position bottom-left works","duration":42.42649999999958,"failureMessages":[],"meta":{}},{"ancestorTitles":["ChatWidget"],"fullName":"ChatWidget uses custom primary color","status":"passed","title":"uses custom primary color","duration":44.34109999999964,"failureMessages":[],"meta":{}},{"ancestorTitles":["ChatWidget"],"fullName":"ChatWidget sets custom title and subtitle","status":"passed","title":"sets custom title and subtitle","duration":53.27090000000044,"failureMessages":[],"meta":{}},{"ancestorTitles":["ChatWidget"],"fullName":"ChatWidget clears input on Enter key (not Shift+Enter)","status":"passed","title":"clears input on Enter key (not Shift+Enter)","duration":97.90629999999965,"failureMessages":[],"meta":{}},{"ancestorTitles":["ChatWidget"],"fullName":"ChatWidget does not send on Shift+Enter","status":"passed","title":"does not send on Shift+Enter","duration":50.627700000000004,"failureMessages":[],"meta":{}},{"ancestorTitles":["ChatWidget"],"fullName":"ChatWidget shows unread badge when closed and message arrives","status":"passed","title":"shows unread badge when closed and message arrives","duration":101.43029999999999,"failureMessages":[],"meta":{}},{"ancestorTitles":["ChatWidget"],"fullName":"ChatWidget reset unread count on open","status":"passed","title":"reset unread count on open","duration":52.17709999999988,"failureMessages":[],"meta":{}}],"startTime":1785840702648,"endTime":1785840704723.177,"status":"passed","message":"","name":"D:/Proj Chatbot/engine/packages/widget/src/__tests__/widget.test.ts"},{"assertionResults":[{"ancestorTitles":["SqliteTenantRegistry"],"fullName":"SqliteTenantRegistry looks up an active tenant","status":"passed","title":"looks up an active tenant","duration":3.446999999999889,"failureMessages":[],"meta":{}},{"ancestorTitles":["SqliteTenantRegistry"],"fullName":"SqliteTenantRegistry looks up a deactivated tenant","status":"passed","title":"looks up a deactivated tenant","duration":1.3792000000000826,"failureMessages":[],"meta":{}},{"ancestorTitles":["SqliteTenantRegistry"],"fullName":"SqliteTenantRegistry returns null for unknown tenant","status":"passed","title":"returns null for unknown tenant","duration":0.7273999999999887,"failureMessages":[],"meta":{}},{"ancestorTitles":["SqliteTenantRegistry"],"fullName":"SqliteTenantRegistry resolves API key hash to tenantId for active tenant","status":"passed","title":"resolves API key hash to tenantId for active tenant","duration":1.159400000000005,"failureMessages":[],"meta":{}},{"ancestorTitles":["SqliteTenantRegistry"],"fullName":"SqliteTenantRegistry does not resolve deactivated tenant key","status":"passed","title":"does not resolve deactivated tenant key","duration":0.7063999999998032,"failureMessages":[],"meta":{}},{"ancestorTitles":["SqliteTenantRegistry"],"fullName":"SqliteTenantRegistry reports healthy status","status":"passed","title":"reports healthy status","duration":0.7185000000001764,"failureMessages":[],"meta":{}}],"startTime":1785840695007,"endTime":1785840695015.7185,"status":"passed","message":"","name":"D:/Proj Chatbot/engine/packages/tenant-registry/src/__tests__/tenant-registry.test.ts"},{"assertionResults":[{"ancestorTitles":["Replay suite - happy paths"],"fullName":"Replay suite - happy paths completes onboarding for saas","status":"passed","title":"completes onboarding for saas","duration":212.7543999999998,"failureMessages":[],"meta":{}},{"ancestorTitles":["Replay suite - happy paths"],"fullName":"Replay suite - happy paths completes onboarding for shopify","status":"passed","title":"completes onboarding for shopify","duration":87.86680000000024,"failureMessages":[],"meta":{}},{"ancestorTitles":["Replay suite - happy paths"],"fullName":"Replay suite - happy paths completes onboarding for wordpress","status":"passed","title":"completes onboarding for wordpress","duration":71.19399999999996,"failureMessages":[],"meta":{}},{"ancestorTitles":["Replay suite - happy paths"],"fullName":"Replay suite - happy paths completes onboarding for dental","status":"passed","title":"completes onboarding for dental","duration":81.83879999999999,"failureMessages":[],"meta":{}},{"ancestorTitles":["Replay suite - happy paths"],"fullName":"Replay suite - happy paths completes onboarding for healthcare","status":"passed","title":"completes onboarding for healthcare","duration":77.77569999999969,"failureMessages":[],"meta":{}},{"ancestorTitles":["Replay suite - happy paths"],"fullName":"Replay suite - happy paths completes onboarding for legal","status":"passed","title":"completes onboarding for legal","duration":77.66750000000002,"failureMessages":[],"meta":{}},{"ancestorTitles":["Replay suite - happy paths"],"fullName":"Replay suite - happy paths completes onboarding for agency","status":"passed","title":"completes onboarding for agency","duration":67.83679999999958,"failureMessages":[],"meta":{}},{"ancestorTitles":["Replay suite - happy paths"],"fullName":"Replay suite - happy paths completes onboarding for restaurant","status":"passed","title":"completes onboarding for restaurant","duration":64.43550000000005,"failureMessages":[],"meta":{}},{"ancestorTitles":["Replay suite - happy paths"],"fullName":"Replay suite - happy paths completes onboarding for hotel","status":"passed","title":"completes onboarding for hotel","duration":65.39200000000028,"failureMessages":[],"meta":{}},{"ancestorTitles":["Replay suite - happy paths"],"fullName":"Replay suite - happy paths completes onboarding for education","status":"passed","title":"completes onboarding for education","duration":75.6846999999998,"failureMessages":[],"meta":{}},{"ancestorTitles":["Replay suite - happy paths"],"fullName":"Replay suite - happy paths completes onboarding for real_estate","status":"passed","title":"completes onboarding for real_estate","duration":60.25470000000041,"failureMessages":[],"meta":{}},{"ancestorTitles":["Replay suite - happy paths"],"fullName":"Replay suite - happy paths completes onboarding for manufacturing","status":"passed","title":"completes onboarding for manufacturing","duration":67.70919999999978,"failureMessages":[],"meta":{}},{"ancestorTitles":["Replay suite - happy paths"],"fullName":"Replay suite - happy paths completes onboarding for consulting","status":"passed","title":"completes onboarding for consulting","duration":76.71050000000014,"failureMessages":[],"meta":{}},{"ancestorTitles":["Replay suite - happy paths"],"fullName":"Replay suite - happy paths completes onboarding for generic","status":"passed","title":"completes onboarding for generic","duration":60.432300000000396,"failureMessages":[],"meta":{}},{"ancestorTitles":["Replay suite - negative and resilience tests"],"fullName":"Replay suite - negative and resilience tests rejects invalid domain","status":"passed","title":"rejects invalid domain","duration":13.262099999999919,"failureMessages":[],"meta":{}},{"ancestorTitles":["Replay suite - negative and resilience tests"],"fullName":"Replay suite - negative and resilience tests rejects unsupported language","status":"passed","title":"rejects unsupported language","duration":11.403599999999642,"failureMessages":[],"meta":{}},{"ancestorTitles":["Replay suite - negative and resilience tests"],"fullName":"Replay suite - negative and resilience tests rejects unsupported category","status":"passed","title":"rejects unsupported category","duration":11.977399999999761,"failureMessages":[],"meta":{}},{"ancestorTitles":["Replay suite - negative and resilience tests"],"fullName":"Replay suite - negative and resilience tests handles invalid resume/session ids","status":"passed","title":"handles invalid resume/session ids","duration":5.419499999999971,"failureMessages":[],"meta":{}},{"ancestorTitles":["Replay suite - negative and resilience tests"],"fullName":"Replay suite - negative and resilience tests handles AI init hook missing and throwing","status":"passed","title":"handles AI init hook missing and throwing","duration":57.25630000000001,"failureMessages":[],"meta":{}},{"ancestorTitles":["Replay suite - negative and resilience tests"],"fullName":"Replay suite - negative and resilience tests rejects duplicate completion requests (idempotent behavior)","status":"passed","title":"rejects duplicate completion requests (idempotent behavior)","duration":71.07760000000053,"failureMessages":[],"meta":{}},{"ancestorTitles":["Replay suite - concurrency"],"fullName":"Replay suite - concurrency runs multiple concurrent wizard sessions isolated","status":"passed","title":"runs multiple concurrent wizard sessions isolated","duration":82.77649999999994,"failureMessages":[],"meta":{}}],"startTime":1785840689006,"endTime":1785840690408.7766,"status":"passed","message":"","name":"D:/Proj Chatbot/engine/packages/tenant-onboarding/src/__tests__/replay/replay.test.ts"},{"assertionResults":[{"ancestorTitles":["load testing suite"],"fullName":"load testing suite handles 10 sequential requests within latency budget","status":"passed","title":"handles 10 sequential requests within latency budget","duration":51.295500000000175,"failureMessages":[],"meta":{}},{"ancestorTitles":["load testing suite"],"fullName":"load testing suite handles 10 concurrent requests to different sessions","status":"passed","title":"handles 10 concurrent requests to different sessions","duration":40.7953,"failureMessages":[],"meta":{}},{"ancestorTitles":["load testing suite"],"fullName":"load testing suite handles 50 sequential requests across sessions without degradation","status":"passed","title":"handles 50 sequential requests across sessions without degradation","duration":261.64380000000006,"failureMessages":[],"meta":{}}],"startTime":1785840689165,"endTime":1785840689518.6438,"status":"passed","message":"","name":"D:/Proj Chatbot/engine/tests/load/load-suite.test.ts"},{"assertionResults":[{"ancestorTitles":["failure injection suite"],"fullName":"failure injection suite handles missing config directory gracefully","status":"passed","title":"handles missing config directory gracefully","duration":34.22519999999986,"failureMessages":[],"meta":{}},{"ancestorTitles":["failure injection suite"],"fullName":"failure injection suite handles corrupt config file gracefully","status":"passed","title":"handles corrupt config file gracefully","duration":15.760899999999992,"failureMessages":[],"meta":{}},{"ancestorTitles":["failure injection suite"],"fullName":"failure injection suite handles missing latest.json gracefully","status":"passed","title":"handles missing latest.json gracefully","duration":13.703400000000101,"failureMessages":[],"meta":{}},{"ancestorTitles":["failure injection suite"],"fullName":"failure injection suite handles missing LLM_API_KEY gracefully (EnvVault returns null)","status":"passed","title":"handles missing LLM_API_KEY gracefully (EnvVault returns null)","duration":0.8233000000000175,"failureMessages":[],"meta":{}},{"ancestorTitles":["failure injection suite"],"fullName":"failure injection suite EnvVault reports degraded when required secret deleted at runtime","status":"passed","title":"EnvVault reports degraded when required secret deleted at runtime","duration":0.8508999999999105,"failureMessages":[],"meta":{}},{"ancestorTitles":["failure injection suite"],"fullName":"failure injection suite pipeline handles abort signal mid-execution","status":"passed","title":"pipeline handles abort signal mid-execution","duration":3.952299999999923,"failureMessages":[],"meta":{}},{"ancestorTitles":["failure injection suite"],"fullName":"failure injection suite rejects request with no API key","status":"passed","title":"rejects request with no API key","duration":1.0114999999998417,"failureMessages":[],"meta":{}},{"ancestorTitles":["failure injection suite"],"fullName":"failure injection suite rejects request with malformed API key","status":"passed","title":"rejects request with malformed API key","duration":0.880100000000084,"failureMessages":[],"meta":{}},{"ancestorTitles":["failure injection suite"],"fullName":"failure injection suite rejects request with excessively long message","status":"passed","title":"rejects request with excessively long message","duration":6.5672000000001844,"failureMessages":[],"meta":{}},{"ancestorTitles":["failure injection suite"],"fullName":"failure injection suite handles session store close gracefully","status":"passed","title":"handles session store close gracefully","duration":47.94130000000018,"failureMessages":[],"meta":{}}],"startTime":1785840685710,"endTime":1785840685835.9414,"status":"passed","message":"","name":"D:/Proj Chatbot/engine/tests/failure/failure-injection.test.ts"},{"assertionResults":[{"ancestorTitles":["deployment readiness"],"fullName":"deployment readiness Dockerfile exists for pipeline-orchestrator","status":"passed","title":"Dockerfile exists for pipeline-orchestrator","duration":3.722499999999968,"failureMessages":[],"meta":{}},{"ancestorTitles":["deployment readiness"],"fullName":"deployment readiness Dockerfile.saas-api exists","status":"passed","title":"Dockerfile.saas-api exists","duration":0.6498000000000275,"failureMessages":[],"meta":{}},{"ancestorTitles":["deployment readiness"],"fullName":"deployment readiness docker-compose.yml exists","status":"passed","title":"docker-compose.yml exists","duration":0.49690000000009604,"failureMessages":[],"meta":{}},{"ancestorTitles":["deployment readiness"],"fullName":"deployment readiness docker-compose.yml has healthchecks","status":"passed","title":"docker-compose.yml has healthchecks","duration":1.058300000000031,"failureMessages":[],"meta":{}},{"ancestorTitles":["deployment readiness"],"fullName":"deployment readiness PM2 ecosystem.config.js exists","status":"passed","title":"PM2 ecosystem.config.js exists","duration":0.4942999999999529,"failureMessages":[],"meta":{}},{"ancestorTitles":["deployment readiness"],"fullName":"deployment readiness PM2 config has both services","status":"passed","title":"PM2 config has both services","duration":3.3220999999999776,"failureMessages":[],"meta":{}},{"ancestorTitles":["deployment readiness"],"fullName":"deployment readiness .env.example exists and lists required vars","status":"passed","title":".env.example exists and lists required vars","duration":1.055599999999913,"failureMessages":[],"meta":{}},{"ancestorTitles":["deployment readiness"],"fullName":"deployment readiness validate-env.js exists and checks required vars","status":"passed","title":"validate-env.js exists and checks required vars","duration":0.9823000000000093,"failureMessages":[],"meta":{}},{"ancestorTitles":["deployment readiness"],"fullName":"deployment readiness pipeline-orchestrator dist output exists (compiled server)","status":"passed","title":"pipeline-orchestrator dist output exists (compiled server)","duration":0.9399999999999409,"failureMessages":[],"meta":{}},{"ancestorTitles":["deployment readiness"],"fullName":"deployment readiness saas-api has build script for dist output","status":"passed","title":"saas-api has build script for dist output","duration":0.969600000000014,"failureMessages":[],"meta":{}},{"ancestorTitles":["deployment readiness"],"fullName":"deployment readiness start-production.ps1 exists","status":"passed","title":"start-production.ps1 exists","duration":0.435799999999972,"failureMessages":[],"meta":{}},{"ancestorTitles":["deployment readiness"],"fullName":"deployment readiness root package.json has correct start script","status":"passed","title":"root package.json has correct start script","duration":0.723700000000008,"failureMessages":[],"meta":{}}],"startTime":1785840691228,"endTime":1785840691243.7236,"status":"passed","message":"","name":"D:/Proj Chatbot/engine/tests/deployment/deployment-check.test.ts"},{"assertionResults":[{"ancestorTitles":["stability suite"],"fullName":"stability suite tolerates repeated same-session requests with CAS recovery","status":"passed","title":"tolerates repeated same-session requests with CAS recovery","duration":108.44079999999985,"failureMessages":[],"meta":{}},{"ancestorTitles":["stability suite"],"fullName":"stability suite maintains throughput across multiple sessions without degradation","status":"passed","title":"maintains throughput across multiple sessions without degradation","duration":100.96139999999991,"failureMessages":[],"meta":{}},{"ancestorTitles":["stability suite"],"fullName":"stability suite recycles sessions across iterations without state corruption","status":"passed","title":"recycles sessions across iterations without state corruption","duration":82.15689999999995,"failureMessages":[],"meta":{}}],"startTime":1785840689996,"endTime":1785840690288.157,"status":"passed","message":"","name":"D:/Proj Chatbot/engine/tests/stability/stability.test.ts"}]}